<?xml version="1.0" encoding="UTF-8"?>
<testsuite name="ghost.DirectionTest" tests="1" skipped="0" failures="0" errors="0" timestamp="2020-11-22T04:33:09" hostname="192-168-1-126.tpgi.com.au" time="0.0">
  <properties/>
  <testcase name="testDirection_convertIndexToDirection()" classname="ghost.DirectionTest" time="0.0"/>
  <system-out><![CDATA[]]></system-out>
  <system-err><![CDATA[]]></system-err>
</testsuite>
