<?xml version="1.0" encoding="UTF-8"?>
<testsuite name="ghost.IgnorantTest" tests="2" skipped="0" failures="0" errors="0" timestamp="2020-11-22T04:33:06" hostname="192-168-1-126.tpgi.com.au" time="0.002">
  <properties/>
  <testcase name="testIgnorant_setChaseDirection()" classname="ghost.IgnorantTest" time="0.0"/>
  <testcase name="testIgnorant_handleMovement_CHASE()" classname="ghost.IgnorantTest" time="0.001"/>
  <system-out><![CDATA[]]></system-out>
  <system-err><![CDATA[]]></system-err>
</testsuite>
