<?xml version="1.0" encoding="UTF-8"?>
<testsuite name="ghost.ChaserTest" tests="2" skipped="0" failures="0" errors="0" timestamp="2020-11-22T04:33:00" hostname="192-168-1-126.tpgi.com.au" time="0.043">
  <properties/>
  <testcase name="testChaser_handleMovement_CHASE()" classname="ghost.ChaserTest" time="0.042"/>
  <testcase name="testChaser_setChaseDirection()" classname="ghost.ChaserTest" time="0.0"/>
  <system-out><![CDATA[]]></system-out>
  <system-err><![CDATA[]]></system-err>
</testsuite>
