<?xml version="1.0" encoding="UTF-8"?>
<testsuite name="ghost.WallTest" tests="2" skipped="0" failures="0" errors="0" timestamp="2020-11-22T04:33:06" hostname="192-168-1-126.tpgi.com.au" time="0.705">
  <properties/>
  <testcase name="testWall_getWidth()" classname="ghost.WallTest" time="0.333"/>
  <testcase name="testWall_getHeight()" classname="ghost.WallTest" time="0.371"/>
  <system-out><![CDATA[]]></system-out>
  <system-err><![CDATA[]]></system-err>
</testsuite>
